<?xml version="1.0" encoding="UTF-8"?>
<testsuite name="pl.edu.agh.kis.java2015.main.AppTest" tests="1" skipped="0" failures="0" errors="0" timestamp="2018-11-12T23:49:52" hostname="DESKTOP-9ORV25T" time="0.001">
  <properties/>
  <testcase name="mainTest" classname="pl.edu.agh.kis.java2015.main.AppTest" time="0.001"/>
  <system-out><![CDATA[]]></system-out>
  <system-err><![CDATA[]]></system-err>
</testsuite>
