<?xml version="1.0" encoding="UTF-8"?>
<testsuite name="ATest" tests="3" skipped="0" failures="0" errors="0" timestamp="2018-11-11T23:34:14" hostname="DESKTOP-9ORV25T" time="0.001">
  <properties/>
  <testcase name="thirdTest" classname="ATest" time="0.001"/>
  <testcase name="firstTest" classname="ATest" time="0.0"/>
  <testcase name="secondTest" classname="ATest" time="0.0"/>
  <system-out><![CDATA[]]></system-out>
  <system-err><![CDATA[]]></system-err>
</testsuite>
